2018-12-02 00:03:29.308  INFO [shape-service,,,] 17484 --- [AsyncResolver-bootstrap-executor-0] c.n.d.s.r.aws.ConfigClusterResolver      : Resolving eureka endpoints via configuration
2018-12-02 00:08:29.340  INFO [shape-service,,,] 17484 --- [AsyncResolver-bootstrap-executor-0] c.n.d.s.r.aws.ConfigClusterResolver      : Resolving eureka endpoints via configuration
2018-12-02 00:13:29.350  INFO [shape-service,,,] 17484 --- [AsyncResolver-bootstrap-executor-0] c.n.d.s.r.aws.ConfigClusterResolver      : Resolving eureka endpoints via configuration
2018-12-02 00:18:29.358  INFO [shape-service,,,] 17484 --- [AsyncResolver-bootstrap-executor-0] c.n.d.s.r.aws.ConfigClusterResolver      : Resolving eureka endpoints via configuration
2018-12-02 00:23:29.369  INFO [shape-service,,,] 17484 --- [AsyncResolver-bootstrap-executor-0] c.n.d.s.r.aws.ConfigClusterResolver      : Resolving eureka endpoints via configuration
2018-12-02 00:28:29.379  INFO [shape-service,,,] 17484 --- [AsyncResolver-bootstrap-executor-0] c.n.d.s.r.aws.ConfigClusterResolver      : Resolving eureka endpoints via configuration
2018-12-02 00:32:29.356  INFO [shape-service,,,] 17484 --- [RMI TCP Connection(347)-127.0.0.1] inMXBeanRegistrar$SpringApplicationAdmin : Application shutdown requested.
2018-12-02 00:32:29.398  INFO [shape-service,,,] 17484 --- [RMI TCP Connection(347)-127.0.0.1] o.s.c.n.e.s.EurekaServiceRegistry        : Unregistering application shape-service with eureka with status DOWN
2018-12-02 00:32:29.401  WARN [shape-service,,,] 17484 --- [RMI TCP Connection(347)-127.0.0.1] com.netflix.discovery.DiscoveryClient    : Saw local status change event StatusChangeEvent [timestamp=1543690949400, current=DOWN, previous=UP]
2018-12-02 00:32:29.406  INFO [shape-service,,,] 17484 --- [DiscoveryClient-InstanceInfoReplicator-0] com.netflix.discovery.DiscoveryClient    : DiscoveryClient_SHAPE-SERVICE/9.85.81.143:shape-service:8200: registering service...
2018-12-02 00:32:29.519  INFO [shape-service,,,] 17484 --- [RMI TCP Connection(347)-127.0.0.1] o.s.i.endpoint.EventDrivenConsumer       : Removing {logging-channel-adapter:_org.springframework.integration.errorLogger} as a subscriber to the 'errorChannel' channel
2018-12-02 00:32:29.524  INFO [shape-service,,,] 17484 --- [RMI TCP Connection(347)-127.0.0.1] o.s.i.channel.PublishSubscribeChannel    : Channel 'application-1.errorChannel' has 0 subscriber(s).
2018-12-02 00:32:29.525  INFO [shape-service,,,] 17484 --- [RMI TCP Connection(347)-127.0.0.1] o.s.i.endpoint.EventDrivenConsumer       : stopped _org.springframework.integration.errorLogger
2018-12-02 00:32:29.534  INFO [shape-service,,,] 17484 --- [RMI TCP Connection(347)-127.0.0.1] o.s.s.c.ThreadPoolTaskScheduler          : Shutting down ExecutorService 'taskScheduler'
2018-12-02 00:32:29.550  INFO [shape-service,,,] 17484 --- [RMI TCP Connection(347)-127.0.0.1] o.s.s.concurrent.ThreadPoolTaskExecutor  : Shutting down ExecutorService 'applicationTaskExecutor'
2018-12-02 00:32:29.582  INFO [shape-service,,,] 17484 --- [RMI TCP Connection(347)-127.0.0.1] c.n.u.concurrent.ShutdownEnabledTimer    : Shutdown hook removed for: NFLoadBalancer-PingTimer-area-service
2018-12-02 00:32:29.615  INFO [shape-service,,,] 17484 --- [RMI TCP Connection(347)-127.0.0.1] c.n.u.concurrent.ShutdownEnabledTimer    : Shutdown hook removed for: NFLoadBalancer-PingTimer-perimeter-service
2018-12-02 00:32:30.504  INFO [shape-service,,,] 17484 --- [RMI TCP Connection(347)-127.0.0.1] o.s.i.monitor.IntegrationMBeanExporter   : Summary on shutdown: errorChannel
2018-12-02 00:32:30.506  INFO [shape-service,,,] 17484 --- [RMI TCP Connection(347)-127.0.0.1] o.s.i.monitor.IntegrationMBeanExporter   : Summary on shutdown: nullChannel
2018-12-02 00:32:30.508  INFO [shape-service,,,] 17484 --- [RMI TCP Connection(347)-127.0.0.1] o.s.i.monitor.IntegrationMBeanExporter   : Summary on shutdown: springCloudBusOutput
2018-12-02 00:32:30.508  INFO [shape-service,,,] 17484 --- [RMI TCP Connection(347)-127.0.0.1] o.s.i.monitor.IntegrationMBeanExporter   : Summary on shutdown: springCloudBusInput
2018-12-02 00:32:30.508  INFO [shape-service,,,] 17484 --- [RMI TCP Connection(347)-127.0.0.1] o.s.i.monitor.IntegrationMBeanExporter   : Summary on shutdown: _org.springframework.integration.errorLogger.handler
2018-12-02 00:32:30.509  INFO [shape-service,,,] 17484 --- [RMI TCP Connection(347)-127.0.0.1] com.netflix.discovery.DiscoveryClient    : Shutting down DiscoveryClient ...
2018-12-02 00:32:30.528  WARN [shape-service,,,] 17484 --- [RMI TCP Connection(347)-127.0.0.1] .s.c.a.CommonAnnotationBeanPostProcessor : Destroy method on bean with name 'scopedTarget.eurekaClient' threw an exception: org.springframework.beans.factory.BeanCreationNotAllowedException: Error creating bean with name 'eurekaInstanceConfigBean': Singleton bean creation not allowed while singletons of this factory are in destruction (Do not request a bean from a BeanFactory in a destroy method implementation!)
2018-12-02 00:32:30.864  INFO [shape-service,,,] 17484 --- [RMI TCP Connection(347)-127.0.0.1] o.apache.catalina.core.StandardService   : Stopping service [Tomcat]
2018-12-02 00:32:30.878  INFO [shape-service,,,] 17484 --- [RMI TCP Connection(347)-127.0.0.1] o.a.c.c.C.[Tomcat].[localhost].[/]       : Destroying Spring FrameworkServlet 'dispatcherServlet'
2018-12-02 00:32:30.906  WARN [shape-service,,,] 17484 --- [RMI TCP Connection(347)-127.0.0.1] o.a.c.loader.WebappClassLoaderBase       : The web application [ROOT] appears to have started a thread named [Eureka-JerseyClient-Conn-Cleaner2] but has failed to stop it. This is very likely to create a memory leak. Stack trace of thread:
 sun.misc.Unsafe.park(Native Method)
 java.util.concurrent.locks.LockSupport.parkNanos(Unknown Source)
 java.util.concurrent.locks.AbstractQueuedSynchronizer$ConditionObject.awaitNanos(Unknown Source)
 java.util.concurrent.ScheduledThreadPoolExecutor$DelayedWorkQueue.take(Unknown Source)
 java.util.concurrent.ScheduledThreadPoolExecutor$DelayedWorkQueue.take(Unknown Source)
 java.util.concurrent.ThreadPoolExecutor.getTask(Unknown Source)
 java.util.concurrent.ThreadPoolExecutor.runWorker(Unknown Source)
 java.util.concurrent.ThreadPoolExecutor$Worker.run(Unknown Source)
 java.lang.Thread.run(Unknown Source)
2018-12-02 00:32:30.907  WARN [shape-service,,,] 17484 --- [RMI TCP Connection(347)-127.0.0.1] o.a.c.loader.WebappClassLoaderBase       : The web application [ROOT] appears to have started a thread named [AsyncResolver-bootstrap-0] but has failed to stop it. This is very likely to create a memory leak. Stack trace of thread:
 sun.misc.Unsafe.park(Native Method)
 java.util.concurrent.locks.LockSupport.parkNanos(Unknown Source)
 java.util.concurrent.locks.AbstractQueuedSynchronizer$ConditionObject.awaitNanos(Unknown Source)
 java.util.concurrent.ScheduledThreadPoolExecutor$DelayedWorkQueue.take(Unknown Source)
 java.util.concurrent.ScheduledThreadPoolExecutor$DelayedWorkQueue.take(Unknown Source)
 java.util.concurrent.ThreadPoolExecutor.getTask(Unknown Source)
 java.util.concurrent.ThreadPoolExecutor.runWorker(Unknown Source)
 java.util.concurrent.ThreadPoolExecutor$Worker.run(Unknown Source)
 java.lang.Thread.run(Unknown Source)
2018-12-02 00:32:30.908  WARN [shape-service,,,] 17484 --- [RMI TCP Connection(347)-127.0.0.1] o.a.c.loader.WebappClassLoaderBase       : The web application [ROOT] appears to have started a thread named [DiscoveryClient-0] but has failed to stop it. This is very likely to create a memory leak. Stack trace of thread:
 sun.misc.Unsafe.park(Native Method)
 java.util.concurrent.locks.LockSupport.park(Unknown Source)
 java.util.concurrent.locks.AbstractQueuedSynchronizer$ConditionObject.await(Unknown Source)
 java.util.concurrent.ScheduledThreadPoolExecutor$DelayedWorkQueue.take(Unknown Source)
 java.util.concurrent.ScheduledThreadPoolExecutor$DelayedWorkQueue.take(Unknown Source)
 java.util.concurrent.ThreadPoolExecutor.getTask(Unknown Source)
 java.util.concurrent.ThreadPoolExecutor.runWorker(Unknown Source)
 java.util.concurrent.ThreadPoolExecutor$Worker.run(Unknown Source)
 java.lang.Thread.run(Unknown Source)
2018-12-02 00:32:30.910  WARN [shape-service,,,] 17484 --- [RMI TCP Connection(347)-127.0.0.1] o.a.c.loader.WebappClassLoaderBase       : The web application [ROOT] appears to have started a thread named [DiscoveryClient-1] but has failed to stop it. This is very likely to create a memory leak. Stack trace of thread:
 sun.misc.Unsafe.park(Native Method)
 java.util.concurrent.locks.LockSupport.parkNanos(Unknown Source)
 java.util.concurrent.locks.AbstractQueuedSynchronizer$ConditionObject.awaitNanos(Unknown Source)
 java.util.concurrent.ScheduledThreadPoolExecutor$DelayedWorkQueue.take(Unknown Source)
 java.util.concurrent.ScheduledThreadPoolExecutor$DelayedWorkQueue.take(Unknown Source)
 java.util.concurrent.ThreadPoolExecutor.getTask(Unknown Source)
 java.util.concurrent.ThreadPoolExecutor.runWorker(Unknown Source)
 java.util.concurrent.ThreadPoolExecutor$Worker.run(Unknown Source)
 java.lang.Thread.run(Unknown Source)
2018-12-02 00:32:30.915  WARN [shape-service,,,] 17484 --- [RMI TCP Connection(347)-127.0.0.1] o.a.c.loader.WebappClassLoaderBase       : The web application [ROOT] appears to have started a thread named [DiscoveryClient-InstanceInfoReplicator-0] but has failed to stop it. This is very likely to create a memory leak. Stack trace of thread:
 java.net.DualStackPlainSocketImpl.waitForConnect(Native Method)
 java.net.DualStackPlainSocketImpl.socketConnect(Unknown Source)
 java.net.AbstractPlainSocketImpl.doConnect(Unknown Source)
 java.net.AbstractPlainSocketImpl.connectToAddress(Unknown Source)
 java.net.AbstractPlainSocketImpl.connect(Unknown Source)
 java.net.PlainSocketImpl.connect(Unknown Source)
 java.net.SocksSocketImpl.connect(Unknown Source)
 java.net.Socket.connect(Unknown Source)
 org.apache.http.conn.scheme.PlainSocketFactory.connectSocket(PlainSocketFactory.java:121)
 org.apache.http.impl.conn.DefaultClientConnectionOperator.openConnection(DefaultClientConnectionOperator.java:180)
 org.apache.http.impl.conn.AbstractPoolEntry.open(AbstractPoolEntry.java:144)
 org.apache.http.impl.conn.AbstractPooledConnAdapter.open(AbstractPooledConnAdapter.java:134)
 org.apache.http.impl.client.DefaultRequestDirector.tryConnect(DefaultRequestDirector.java:610)
 org.apache.http.impl.client.DefaultRequestDirector.execute(DefaultRequestDirector.java:445)
 org.apache.http.impl.client.AbstractHttpClient.doExecute(AbstractHttpClient.java:835)
 org.apache.http.impl.client.CloseableHttpClient.execute(CloseableHttpClient.java:118)
 org.apache.http.impl.client.CloseableHttpClient.execute(CloseableHttpClient.java:56)
 com.sun.jersey.client.apache4.ApacheHttpClient4Handler.handle(ApacheHttpClient4Handler.java:173)
 com.sun.jersey.api.client.filter.GZIPContentEncodingFilter.handle(GZIPContentEncodingFilter.java:123)
 com.netflix.discovery.EurekaIdentityHeaderFilter.handle(EurekaIdentityHeaderFilter.java:27)
 com.sun.jersey.api.client.Client.handle(Client.java:652)
 com.sun.jersey.api.client.WebResource.handle(WebResource.java:682)
 com.sun.jersey.api.client.WebResource.access$200(WebResource.java:74)
 com.sun.jersey.api.client.WebResource$Builder.post(WebResource.java:570)
 com.netflix.discovery.shared.transport.jersey.AbstractJerseyEurekaHttpClient.register(AbstractJerseyEurekaHttpClient.java:56)
 com.netflix.discovery.shared.transport.decorator.EurekaHttpClientDecorator$1.execute(EurekaHttpClientDecorator.java:59)
 com.netflix.discovery.shared.transport.decorator.MetricsCollectingEurekaHttpClient.execute(MetricsCollectingEurekaHttpClient.java:73)
 com.netflix.discovery.shared.transport.decorator.EurekaHttpClientDecorator.register(EurekaHttpClientDecorator.java:56)
 com.netflix.discovery.shared.transport.decorator.EurekaHttpClientDecorator$1.execute(EurekaHttpClientDecorator.java:59)
 com.netflix.discovery.shared.transport.decorator.RedirectingEurekaHttpClient.execute(RedirectingEurekaHttpClient.java:89)
 com.netflix.discovery.shared.transport.decorator.EurekaHttpClientDecorator.register(EurekaHttpClientDecorator.java:56)
 com.netflix.discovery.shared.transport.decorator.EurekaHttpClientDecorator$1.execute(EurekaHttpClientDecorator.java:59)
 com.netflix.discovery.shared.transport.decorator.RetryableEurekaHttpClient.execute(RetryableEurekaHttpClient.java:120)
 com.netflix.discovery.shared.transport.decorator.EurekaHttpClientDecorator.register(EurekaHttpClientDecorator.java:56)
 com.netflix.discovery.shared.transport.decorator.EurekaHttpClientDecorator$1.execute(EurekaHttpClientDecorator.java:59)
 com.netflix.discovery.shared.transport.decorator.SessionedEurekaHttpClient.execute(SessionedEurekaHttpClient.java:77)
 com.netflix.discovery.shared.transport.decorator.EurekaHttpClientDecorator.register(EurekaHttpClientDecorator.java:56)
 com.netflix.discovery.DiscoveryClient.register(DiscoveryClient.java:829)
 com.netflix.discovery.InstanceInfoReplicator.run(InstanceInfoReplicator.java:121)
 com.netflix.discovery.InstanceInfoReplicator$1.run(InstanceInfoReplicator.java:101)
 java.util.concurrent.Executors$RunnableAdapter.call(Unknown Source)
 java.util.concurrent.FutureTask.run(Unknown Source)
 java.util.concurrent.ScheduledThreadPoolExecutor$ScheduledFutureTask.access$201(Unknown Source)
 java.util.concurrent.ScheduledThreadPoolExecutor$ScheduledFutureTask.run(Unknown Source)
 java.util.concurrent.ThreadPoolExecutor.runWorker(Unknown Source)
 java.util.concurrent.ThreadPoolExecutor$Worker.run(Unknown Source)
 java.lang.Thread.run(Unknown Source)
2018-12-02 00:32:30.918  WARN [shape-service,,,] 17484 --- [RMI TCP Connection(347)-127.0.0.1] o.a.c.loader.WebappClassLoaderBase       : The web application [ROOT] appears to have started a thread named [DiscoveryClient-CacheRefreshExecutor-0] but has failed to stop it. This is very likely to create a memory leak. Stack trace of thread:
 sun.misc.Unsafe.park(Native Method)
 java.util.concurrent.locks.LockSupport.park(Unknown Source)
 java.util.concurrent.SynchronousQueue$TransferStack.awaitFulfill(Unknown Source)
 java.util.concurrent.SynchronousQueue$TransferStack.transfer(Unknown Source)
 java.util.concurrent.SynchronousQueue.take(Unknown Source)
 java.util.concurrent.ThreadPoolExecutor.getTask(Unknown Source)
 java.util.concurrent.ThreadPoolExecutor.runWorker(Unknown Source)
 java.util.concurrent.ThreadPoolExecutor$Worker.run(Unknown Source)
 java.lang.Thread.run(Unknown Source)
2018-12-02 00:32:30.919  WARN [shape-service,,,] 17484 --- [RMI TCP Connection(347)-127.0.0.1] o.a.c.loader.WebappClassLoaderBase       : The web application [ROOT] appears to have started a thread named [DiscoveryClient-HeartbeatExecutor-0] but has failed to stop it. This is very likely to create a memory leak. Stack trace of thread:
 sun.misc.Unsafe.park(Native Method)
 java.util.concurrent.locks.LockSupport.park(Unknown Source)
 java.util.concurrent.SynchronousQueue$TransferStack.awaitFulfill(Unknown Source)
 java.util.concurrent.SynchronousQueue$TransferStack.transfer(Unknown Source)
 java.util.concurrent.SynchronousQueue.take(Unknown Source)
 java.util.concurrent.ThreadPoolExecutor.getTask(Unknown Source)
 java.util.concurrent.ThreadPoolExecutor.runWorker(Unknown Source)
 java.util.concurrent.ThreadPoolExecutor$Worker.run(Unknown Source)
 java.lang.Thread.run(Unknown Source)
2018-12-02 00:32:30.921  WARN [shape-service,,,] 17484 --- [RMI TCP Connection(347)-127.0.0.1] o.a.c.loader.WebappClassLoaderBase       : The web application [ROOT] appears to have started a thread named [PollingServerListUpdater-0] but has failed to stop it. This is very likely to create a memory leak. Stack trace of thread:
 sun.misc.Unsafe.park(Native Method)
 java.util.concurrent.locks.LockSupport.parkNanos(Unknown Source)
 java.util.concurrent.locks.AbstractQueuedSynchronizer$ConditionObject.awaitNanos(Unknown Source)
 java.util.concurrent.ScheduledThreadPoolExecutor$DelayedWorkQueue.take(Unknown Source)
 java.util.concurrent.ScheduledThreadPoolExecutor$DelayedWorkQueue.take(Unknown Source)
 java.util.concurrent.ThreadPoolExecutor.getTask(Unknown Source)
 java.util.concurrent.ThreadPoolExecutor.runWorker(Unknown Source)
 java.util.concurrent.ThreadPoolExecutor$Worker.run(Unknown Source)
 java.lang.Thread.run(Unknown Source)
2018-12-02 00:32:30.922  WARN [shape-service,,,] 17484 --- [RMI TCP Connection(347)-127.0.0.1] o.a.c.loader.WebappClassLoaderBase       : The web application [ROOT] appears to have started a thread named [DataPublisher] but has failed to stop it. This is very likely to create a memory leak. Stack trace of thread:
 sun.misc.Unsafe.park(Native Method)
 java.util.concurrent.locks.LockSupport.parkNanos(Unknown Source)
 java.util.concurrent.locks.AbstractQueuedSynchronizer$ConditionObject.awaitNanos(Unknown Source)
 java.util.concurrent.ScheduledThreadPoolExecutor$DelayedWorkQueue.take(Unknown Source)
 java.util.concurrent.ScheduledThreadPoolExecutor$DelayedWorkQueue.take(Unknown Source)
 java.util.concurrent.ThreadPoolExecutor.getTask(Unknown Source)
 java.util.concurrent.ThreadPoolExecutor.runWorker(Unknown Source)
 java.util.concurrent.ThreadPoolExecutor$Worker.run(Unknown Source)
 java.lang.Thread.run(Unknown Source)
2018-12-02 00:32:30.923  WARN [shape-service,,,] 17484 --- [RMI TCP Connection(347)-127.0.0.1] o.a.c.loader.WebappClassLoaderBase       : The web application [ROOT] appears to have started a thread named [PollingServerListUpdater-1] but has failed to stop it. This is very likely to create a memory leak. Stack trace of thread:
 sun.misc.Unsafe.park(Native Method)
 java.util.concurrent.locks.LockSupport.park(Unknown Source)
 java.util.concurrent.locks.AbstractQueuedSynchronizer$ConditionObject.await(Unknown Source)
 java.util.concurrent.ScheduledThreadPoolExecutor$DelayedWorkQueue.take(Unknown Source)
 java.util.concurrent.ScheduledThreadPoolExecutor$DelayedWorkQueue.take(Unknown Source)
 java.util.concurrent.ThreadPoolExecutor.getTask(Unknown Source)
 java.util.concurrent.ThreadPoolExecutor.runWorker(Unknown Source)
 java.util.concurrent.ThreadPoolExecutor$Worker.run(Unknown Source)
 java.lang.Thread.run(Unknown Source)
2018-12-02 00:32:30.924  WARN [shape-service,,,] 17484 --- [RMI TCP Connection(347)-127.0.0.1] o.a.c.loader.WebappClassLoaderBase       : The web application [ROOT] appears to have started a thread named [AsyncResolver-bootstrap-executor-0] but has failed to stop it. This is very likely to create a memory leak. Stack trace of thread:
 sun.misc.Unsafe.park(Native Method)
 java.util.concurrent.locks.LockSupport.park(Unknown Source)
 java.util.concurrent.SynchronousQueue$TransferStack.awaitFulfill(Unknown Source)
 java.util.concurrent.SynchronousQueue$TransferStack.transfer(Unknown Source)
 java.util.concurrent.SynchronousQueue.take(Unknown Source)
 java.util.concurrent.ThreadPoolExecutor.getTask(Unknown Source)
 java.util.concurrent.ThreadPoolExecutor.runWorker(Unknown Source)
 java.util.concurrent.ThreadPoolExecutor$Worker.run(Unknown Source)
 java.lang.Thread.run(Unknown Source)
2018-12-02 00:32:30.925  WARN [shape-service,,,] 17484 --- [RMI TCP Connection(347)-127.0.0.1] o.a.c.loader.WebappClassLoaderBase       : The web application [ROOT] appears to have started a thread named [logback-2] but has failed to stop it. This is very likely to create a memory leak. Stack trace of thread:
 sun.misc.Unsafe.park(Native Method)
 java.util.concurrent.locks.LockSupport.park(Unknown Source)
 java.util.concurrent.locks.AbstractQueuedSynchronizer$ConditionObject.await(Unknown Source)
 java.util.concurrent.ScheduledThreadPoolExecutor$DelayedWorkQueue.take(Unknown Source)
 java.util.concurrent.ScheduledThreadPoolExecutor$DelayedWorkQueue.take(Unknown Source)
 java.util.concurrent.ThreadPoolExecutor.getTask(Unknown Source)
 java.util.concurrent.ThreadPoolExecutor.runWorker(Unknown Source)
 java.util.concurrent.ThreadPoolExecutor$Worker.run(Unknown Source)
 java.lang.Thread.run(Unknown Source)
2018-12-02 00:32:30.947  INFO [shape-service,,,] 17484 --- [Thread-21] c.n.l.PollingServerListUpdater           : Shutting down the Executor Pool for PollingServerListUpdater
2018-12-02 00:37:24.159  INFO [shape-service,,,] 11100 --- [restartedMain] c.e.m.s.ShapeServiceApplication          : No active profile set, falling back to default profiles: default
2018-12-02 00:37:25.827  WARN [shape-service,,,] 11100 --- [restartedMain] o.s.boot.actuate.endpoint.EndpointId     : Endpoint ID 'bus-env' contains invalid characters, please migrate to a valid format.
2018-12-02 00:37:25.931  WARN [shape-service,,,] 11100 --- [restartedMain] o.s.boot.actuate.endpoint.EndpointId     : Endpoint ID 'service-registry' contains invalid characters, please migrate to a valid format.
2018-12-02 00:37:26.448  INFO [shape-service,,,] 11100 --- [restartedMain] o.s.cloud.context.scope.GenericScope     : BeanFactory id=0d5d3fed-67a7-3579-a45c-e001c66d4f0e
2018-12-02 00:37:26.481  INFO [shape-service,,,] 11100 --- [restartedMain] faultConfiguringBeanFactoryPostProcessor : No bean named 'errorChannel' has been explicitly defined. Therefore, a default PublishSubscribeChannel will be created.
2018-12-02 00:37:26.498  INFO [shape-service,,,] 11100 --- [restartedMain] faultConfiguringBeanFactoryPostProcessor : No bean named 'taskScheduler' has been explicitly defined. Therefore, a default ThreadPoolTaskScheduler will be created.
2018-12-02 00:37:26.508  INFO [shape-service,,,] 11100 --- [restartedMain] faultConfiguringBeanFactoryPostProcessor : No bean named 'integrationHeaderChannelRegistry' has been explicitly defined. Therefore, a default DefaultHeaderChannelRegistry will be created.
2018-12-02 00:37:26.560  INFO [shape-service,,,] 11100 --- [restartedMain] trationDelegate$BeanPostProcessorChecker : Bean 'org.springframework.amqp.rabbit.annotation.RabbitBootstrapConfiguration' of type [org.springframework.amqp.rabbit.annotation.RabbitBootstrapConfiguration$$EnhancerBySpringCGLIB$$8d0e0189] is not eligible for getting processed by all BeanPostProcessors (for example: not eligible for auto-proxying)
2018-12-02 00:37:27.157  INFO [shape-service,,,] 11100 --- [restartedMain] trationDelegate$BeanPostProcessorChecker : Bean 'org.springframework.integration.config.IntegrationManagementConfiguration' of type [org.springframework.integration.config.IntegrationManagementConfiguration$$EnhancerBySpringCGLIB$$3193fe8a] is not eligible for getting processed by all BeanPostProcessors (for example: not eligible for auto-proxying)
2018-12-02 00:37:27.223  INFO [shape-service,,,] 11100 --- [restartedMain] trationDelegate$BeanPostProcessorChecker : Bean 'org.springframework.boot.autoconfigure.integration.IntegrationAutoConfiguration$IntegrationJmxConfiguration' of type [org.springframework.boot.autoconfigure.integration.IntegrationAutoConfiguration$IntegrationJmxConfiguration$$EnhancerBySpringCGLIB$$d2609aa] is not eligible for getting processed by all BeanPostProcessors (for example: not eligible for auto-proxying)
2018-12-02 00:37:27.258  INFO [shape-service,,,] 11100 --- [restartedMain] trationDelegate$BeanPostProcessorChecker : Bean 'org.springframework.boot.autoconfigure.jmx.JmxAutoConfiguration' of type [org.springframework.boot.autoconfigure.jmx.JmxAutoConfiguration$$EnhancerBySpringCGLIB$$460db277] is not eligible for getting processed by all BeanPostProcessors (for example: not eligible for auto-proxying)
2018-12-02 00:37:27.283  INFO [shape-service,,,] 11100 --- [restartedMain] trationDelegate$BeanPostProcessorChecker : Bean 'mbeanServer' of type [com.sun.jmx.mbeanserver.JmxMBeanServer] is not eligible for getting processed by all BeanPostProcessors (for example: not eligible for auto-proxying)
2018-12-02 00:37:27.369  INFO [shape-service,,,] 11100 --- [restartedMain] trationDelegate$BeanPostProcessorChecker : Bean 'integrationDisposableAutoCreatedBeans' of type [org.springframework.integration.config.annotation.Disposables] is not eligible for getting processed by all BeanPostProcessors (for example: not eligible for auto-proxying)
2018-12-02 00:37:27.429  INFO [shape-service,,,] 11100 --- [restartedMain] trationDelegate$BeanPostProcessorChecker : Bean 'org.springframework.cloud.autoconfigure.ConfigurationPropertiesRebinderAutoConfiguration' of type [org.springframework.cloud.autoconfigure.ConfigurationPropertiesRebinderAutoConfiguration$$EnhancerBySpringCGLIB$$e2bc4658] is not eligible for getting processed by all BeanPostProcessors (for example: not eligible for auto-proxying)
2018-12-02 00:37:28.604  INFO [shape-service,,,] 11100 --- [restartedMain] o.s.b.w.embedded.tomcat.TomcatWebServer  : Tomcat initialized with port(s): 8200 (http)
2018-12-02 00:37:28.634  INFO [shape-service,,,] 11100 --- [restartedMain] o.apache.catalina.core.StandardService   : Starting service [Tomcat]
2018-12-02 00:37:28.636  INFO [shape-service,,,] 11100 --- [restartedMain] org.apache.catalina.core.StandardEngine  : Starting Servlet Engine: Apache Tomcat/9.0.12
2018-12-02 00:37:28.646  INFO [shape-service,,,] 11100 --- [restartedMain] o.a.catalina.core.AprLifecycleListener   : The APR based Apache Tomcat Native library which allows optimal performance in production environments was not found on the java.library.path: [C:\Program Files\Java\jre1.8.0_191\bin;C:\WINDOWS\Sun\Java\bin;C:\WINDOWS\system32;C:\WINDOWS;C:/Program Files/Java/jre1.8.0_191/bin/server;C:/Program Files/Java/jre1.8.0_191/bin;C:/Program Files/Java/jre1.8.0_191/lib/amd64;C:\Program Files (x86)\Common Files\Oracle\Java\javapath;C:\WINDOWS\system32;C:\WINDOWS;C:\WINDOWS\System32\Wbem;C:\WINDOWS\System32\WindowsPowerShell\v1.0\;C:\Program Files\Java\jdk1.8.0_191\bin;C:\Users\TapojitBhattacharya\Softwares\apache-maven-3.6.0\bin;C:\Program Files\IBM\Bluemix\bin;C:\WINDOWS\System32\OpenSSH\;C:\Program Files\Git\cmd;C:\Users\TapojitBhattacharya\AppData\Local\Microsoft\WindowsApps;C:\Program Files (x86)\CVSNT\;%USERPROFILE%\AppData\Local\Microsoft\WindowsApps;;C:\Users\TapojitBhattacharya\Documents\Personal\Softwares\sts-4.0.1.RELEASE;;.]
2018-12-02 00:37:28.949  INFO [shape-service,,,] 11100 --- [restartedMain] o.a.c.c.C.[Tomcat].[localhost].[/]       : Initializing Spring embedded WebApplicationContext
2018-12-02 00:37:28.950  INFO [shape-service,,,] 11100 --- [restartedMain] o.s.web.context.ContextLoader            : Root WebApplicationContext: initialization completed in 4771 ms
2018-12-02 00:37:29.280  WARN [shape-service,,,] 11100 --- [restartedMain] c.n.c.sources.URLConfigurationSource     : No URLs will be polled as dynamic configuration sources.
2018-12-02 00:37:29.280  INFO [shape-service,,,] 11100 --- [restartedMain] c.n.c.sources.URLConfigurationSource     : To enable URLs as dynamic configuration sources, define System property archaius.configurationSource.additionalUrls or make config.properties available on classpath.
2018-12-02 00:37:29.295  INFO [shape-service,,,] 11100 --- [restartedMain] c.netflix.config.DynamicPropertyFactory  : DynamicPropertyFactory is initialized with configuration sources: com.netflix.config.ConcurrentCompositeConfiguration@74d05117
2018-12-02 00:37:32.043  INFO [shape-service,,,] 11100 --- [restartedMain] o.s.c.n.eureka.InstanceInfoFactory       : Setting initial instance status as: STARTING
2018-12-02 00:37:32.158  INFO [shape-service,,,] 11100 --- [restartedMain] com.netflix.discovery.DiscoveryClient    : Initializing Eureka in region us-east-1
2018-12-02 00:37:32.859  INFO [shape-service,,,] 11100 --- [restartedMain] c.n.d.provider.DiscoveryJerseyProvider   : Using JSON encoding codec LegacyJacksonJson
2018-12-02 00:37:32.863  INFO [shape-service,,,] 11100 --- [restartedMain] c.n.d.provider.DiscoveryJerseyProvider   : Using JSON decoding codec LegacyJacksonJson
2018-12-02 00:37:33.083  INFO [shape-service,,,] 11100 --- [restartedMain] c.n.d.provider.DiscoveryJerseyProvider   : Using XML encoding codec XStreamXml
2018-12-02 00:37:33.084  INFO [shape-service,,,] 11100 --- [restartedMain] c.n.d.provider.DiscoveryJerseyProvider   : Using XML decoding codec XStreamXml
2018-12-02 00:37:33.452  INFO [shape-service,,,] 11100 --- [restartedMain] c.n.d.s.r.aws.ConfigClusterResolver      : Resolving eureka endpoints via configuration
2018-12-02 00:37:33.808  INFO [shape-service,,,] 11100 --- [restartedMain] com.netflix.discovery.DiscoveryClient    : Disable delta property : false
2018-12-02 00:37:33.809  INFO [shape-service,,,] 11100 --- [restartedMain] com.netflix.discovery.DiscoveryClient    : Single vip registry refresh property : null
2018-12-02 00:37:33.811  INFO [shape-service,,,] 11100 --- [restartedMain] com.netflix.discovery.DiscoveryClient    : Force full registry fetch : false
2018-12-02 00:37:33.811  INFO [shape-service,,,] 11100 --- [restartedMain] com.netflix.discovery.DiscoveryClient    : Application is null : false
2018-12-02 00:37:33.813  INFO [shape-service,,,] 11100 --- [restartedMain] com.netflix.discovery.DiscoveryClient    : Registered Applications size is zero : true
2018-12-02 00:37:33.813  INFO [shape-service,,,] 11100 --- [restartedMain] com.netflix.discovery.DiscoveryClient    : Application version is -1: true
2018-12-02 00:37:33.814  INFO [shape-service,,,] 11100 --- [restartedMain] com.netflix.discovery.DiscoveryClient    : Getting all instance registry info from the eureka server
2018-12-02 00:37:34.152  INFO [shape-service,,,] 11100 --- [restartedMain] com.netflix.discovery.DiscoveryClient    : The response status is 200
2018-12-02 00:37:34.160  INFO [shape-service,,,] 11100 --- [restartedMain] com.netflix.discovery.DiscoveryClient    : Starting heartbeat executor: renew interval is: 30
2018-12-02 00:37:34.164  INFO [shape-service,,,] 11100 --- [restartedMain] c.n.discovery.InstanceInfoReplicator     : InstanceInfoReplicator onDemand update allowed rate per min is 4
2018-12-02 00:37:34.173  INFO [shape-service,,,] 11100 --- [restartedMain] com.netflix.discovery.DiscoveryClient    : Discovery Client initialized at timestamp 1543691254170 with initial instances count: 6
2018-12-02 00:37:34.624  WARN [shape-service,,,] 11100 --- [restartedMain] o.s.boot.actuate.endpoint.EndpointId     : Endpoint ID 'bus-refresh' contains invalid characters, please migrate to a valid format.
2018-12-02 00:37:35.066  INFO [shape-service,,,] 11100 --- [restartedMain] o.s.b.w.servlet.FilterRegistrationBean   : Mapping filter: 'characterEncodingFilter' to: [/*]
2018-12-02 00:37:35.068  INFO [shape-service,,,] 11100 --- [restartedMain] o.s.b.w.servlet.FilterRegistrationBean   : Mapping filter: 'webMvcMetricsFilter' to: [/*]
2018-12-02 00:37:35.071  INFO [shape-service,,,] 11100 --- [restartedMain] o.s.b.w.servlet.FilterRegistrationBean   : Mapping filter: 'tracingFilter' to: [/*]
2018-12-02 00:37:35.072  INFO [shape-service,,,] 11100 --- [restartedMain] o.s.b.w.servlet.FilterRegistrationBean   : Mapping filter: 'exceptionLoggingFilter' to: [/*]
2018-12-02 00:37:35.073  INFO [shape-service,,,] 11100 --- [restartedMain] o.s.b.w.servlet.FilterRegistrationBean   : Mapping filter: 'hiddenHttpMethodFilter' to: [/*]
2018-12-02 00:37:35.073  INFO [shape-service,,,] 11100 --- [restartedMain] o.s.b.w.servlet.FilterRegistrationBean   : Mapping filter: 'formContentFilter' to: [/*]
2018-12-02 00:37:35.076  INFO [shape-service,,,] 11100 --- [restartedMain] o.s.b.w.servlet.FilterRegistrationBean   : Mapping filter: 'requestContextFilter' to: [/*]
2018-12-02 00:37:35.076  INFO [shape-service,,,] 11100 --- [restartedMain] o.s.b.w.servlet.FilterRegistrationBean   : Mapping filter: 'httpTraceFilter' to: [/*]
2018-12-02 00:37:35.077  INFO [shape-service,,,] 11100 --- [restartedMain] o.s.b.w.servlet.ServletRegistrationBean  : Servlet dispatcherServlet mapped to [/]
2018-12-02 00:37:35.478  WARN [shape-service,,,] 11100 --- [restartedMain] o.s.b.d.a.OptionalLiveReloadServer       : Unable to start LiveReload server
2018-12-02 00:37:35.958  WARN [shape-service,,,] 11100 --- [restartedMain] c.n.c.sources.URLConfigurationSource     : No URLs will be polled as dynamic configuration sources.
2018-12-02 00:37:35.960  INFO [shape-service,,,] 11100 --- [restartedMain] c.n.c.sources.URLConfigurationSource     : To enable URLs as dynamic configuration sources, define System property archaius.configurationSource.additionalUrls or make config.properties available on classpath.
2018-12-02 00:37:36.495  INFO [shape-service,,,] 11100 --- [restartedMain] o.s.s.concurrent.ThreadPoolTaskExecutor  : Initializing ExecutorService 'applicationTaskExecutor'
2018-12-02 00:37:39.098  INFO [shape-service,,,] 11100 --- [restartedMain] o.s.b.a.e.web.EndpointLinksResolver      : Exposing 2 endpoint(s) beneath base path '/actuator'
2018-12-02 00:37:39.249  INFO [shape-service,,,] 11100 --- [restartedMain] o.s.s.c.ThreadPoolTaskScheduler          : Initializing ExecutorService 'taskScheduler'
2018-12-02 00:37:39.573  INFO [shape-service,,,] 11100 --- [restartedMain] o.s.i.monitor.IntegrationMBeanExporter   : Registering MessageChannel springCloudBusOutput
2018-12-02 00:37:39.649  INFO [shape-service,,,] 11100 --- [restartedMain] o.s.i.monitor.IntegrationMBeanExporter   : Registering MessageChannel errorChannel
2018-12-02 00:37:39.712  INFO [shape-service,,,] 11100 --- [restartedMain] o.s.i.monitor.IntegrationMBeanExporter   : Registering MessageChannel springCloudBusInput
2018-12-02 00:37:39.727  INFO [shape-service,,,] 11100 --- [restartedMain] o.s.i.monitor.IntegrationMBeanExporter   : Registering MessageChannel nullChannel
2018-12-02 00:37:39.765  INFO [shape-service,,,] 11100 --- [restartedMain] o.s.i.monitor.IntegrationMBeanExporter   : Registering MessageHandler errorLogger
2018-12-02 00:37:39.857  INFO [shape-service,,,] 11100 --- [restartedMain] o.s.i.endpoint.EventDrivenConsumer       : Adding {logging-channel-adapter:_org.springframework.integration.errorLogger} as a subscriber to the 'errorChannel' channel
2018-12-02 00:37:39.860  INFO [shape-service,,,] 11100 --- [restartedMain] o.s.i.channel.PublishSubscribeChannel    : Channel 'application-1.errorChannel' has 1 subscriber(s).
2018-12-02 00:37:39.863  INFO [shape-service,,,] 11100 --- [restartedMain] o.s.i.endpoint.EventDrivenConsumer       : started _org.springframework.integration.errorLogger
2018-12-02 00:37:39.891  INFO [shape-service,,,] 11100 --- [restartedMain] o.s.c.n.e.s.EurekaServiceRegistry        : Registering application shape-service with eureka with status UP
2018-12-02 00:37:39.894  INFO [shape-service,,,] 11100 --- [restartedMain] com.netflix.discovery.DiscoveryClient    : Saw local status change event StatusChangeEvent [timestamp=1543691259894, current=UP, previous=STARTING]
2018-12-02 00:37:39.912  INFO [shape-service,,,] 11100 --- [DiscoveryClient-InstanceInfoReplicator-0] com.netflix.discovery.DiscoveryClient    : DiscoveryClient_SHAPE-SERVICE/9.85.81.242:shape-service:8200: registering service...
2018-12-02 00:37:40.118  INFO [shape-service,,,] 11100 --- [DiscoveryClient-InstanceInfoReplicator-0] com.netflix.discovery.DiscoveryClient    : DiscoveryClient_SHAPE-SERVICE/9.85.81.242:shape-service:8200 - registration status: 204
2018-12-02 00:37:40.251  INFO [shape-service,,,] 11100 --- [restartedMain] o.s.b.w.embedded.tomcat.TomcatWebServer  : Tomcat started on port(s): 8200 (http) with context path ''
2018-12-02 00:37:40.252  INFO [shape-service,,,] 11100 --- [restartedMain] .s.c.n.e.s.EurekaAutoServiceRegistration : Updating port to 8200
2018-12-02 00:37:40.261  INFO [shape-service,,,] 11100 --- [restartedMain] c.e.m.s.ShapeServiceApplication          : Started ShapeServiceApplication in 18.946 seconds (JVM running for 21.524)
2018-12-02 00:38:15.843  INFO [shape-service,,,] 11100 --- [http-nio-8200-exec-1] o.a.c.c.C.[Tomcat].[localhost].[/]       : Initializing Spring DispatcherServlet 'dispatcherServlet'
2018-12-02 00:38:15.846  INFO [shape-service,,,] 11100 --- [http-nio-8200-exec-1] o.s.web.servlet.DispatcherServlet        : Initializing Servlet 'dispatcherServlet'
2018-12-02 00:38:15.928  INFO [shape-service,,,] 11100 --- [http-nio-8200-exec-1] o.s.web.servlet.DispatcherServlet        : Completed initialization in 77 ms
2018-12-02 00:38:17.404  INFO [shape-service,33390775c75f7ab1,3d5713ba7aef8a1e,true] 11100 --- [http-nio-8200-exec-1] c.netflix.config.ChainedDynamicProperty  : Flipping property: area-service.ribbon.ActiveConnectionsLimit to use NEXT property: niws.loadbalancer.availabilityFilteringRule.activeConnectionsLimit = 2147483647
2018-12-02 00:38:17.438  INFO [shape-service,33390775c75f7ab1,3d5713ba7aef8a1e,true] 11100 --- [http-nio-8200-exec-1] c.n.u.concurrent.ShutdownEnabledTimer    : Shutdown hook installed for: NFLoadBalancer-PingTimer-area-service
2018-12-02 00:38:17.511  INFO [shape-service,33390775c75f7ab1,3d5713ba7aef8a1e,true] 11100 --- [http-nio-8200-exec-1] c.netflix.loadbalancer.BaseLoadBalancer  : Client: area-service instantiated a LoadBalancer: DynamicServerListLoadBalancer:{NFLoadBalancer:name=area-service,current list of Servers=[],Load balancer stats=Zone stats: {},Server stats: []}ServerList:null
2018-12-02 00:38:17.533  INFO [shape-service,33390775c75f7ab1,3d5713ba7aef8a1e,true] 11100 --- [http-nio-8200-exec-1] c.n.l.DynamicServerListLoadBalancer      : Using serverListUpdater PollingServerListUpdater
2018-12-02 00:38:17.612  INFO [shape-service,33390775c75f7ab1,3d5713ba7aef8a1e,true] 11100 --- [http-nio-8200-exec-1] c.netflix.config.ChainedDynamicProperty  : Flipping property: area-service.ribbon.ActiveConnectionsLimit to use NEXT property: niws.loadbalancer.availabilityFilteringRule.activeConnectionsLimit = 2147483647
2018-12-02 00:38:17.624  INFO [shape-service,33390775c75f7ab1,3d5713ba7aef8a1e,true] 11100 --- [http-nio-8200-exec-1] c.n.l.DynamicServerListLoadBalancer      : DynamicServerListLoadBalancer for client area-service initialized: DynamicServerListLoadBalancer:{NFLoadBalancer:name=area-service,current list of Servers=[9.85.81.242:8000, 9.85.81.242:8001],Load balancer stats=Zone stats: {defaultzone=[Zone:defaultzone;	Instance count:2;	Active connections count: 0;	Circuit breaker tripped count: 0;	Active connections per server: 0.0;]
},Server stats: [[Server:9.85.81.242:8001;	Zone:defaultZone;	Total Requests:0;	Successive connection failure:0;	Total blackout seconds:0;	Last connection made:Thu Jan 01 05:30:00 IST 1970;	First connection made: Thu Jan 01 05:30:00 IST 1970;	Active Connections:0;	total failure count in last (1000) msecs:0;	average resp time:0.0;	90 percentile resp time:0.0;	95 percentile resp time:0.0;	min resp time:0.0;	max resp time:0.0;	stddev resp time:0.0]
, [Server:9.85.81.242:8000;	Zone:defaultZone;	Total Requests:0;	Successive connection failure:0;	Total blackout seconds:0;	Last connection made:Thu Jan 01 05:30:00 IST 1970;	First connection made: Thu Jan 01 05:30:00 IST 1970;	Active Connections:0;	total failure count in last (1000) msecs:0;	average resp time:0.0;	90 percentile resp time:0.0;	95 percentile resp time:0.0;	min resp time:0.0;	max resp time:0.0;	stddev resp time:0.0]
]}ServerList:org.springframework.cloud.netflix.ribbon.eureka.DomainExtractingServerList@27c1ef8e
2018-12-02 00:38:18.523  INFO [shape-service,33390775c75f7ab1,3d5713ba7aef8a1e,true] 11100 --- [http-nio-8200-exec-1] c.netflix.config.ChainedDynamicProperty  : Flipping property: perimeter-service.ribbon.ActiveConnectionsLimit to use NEXT property: niws.loadbalancer.availabilityFilteringRule.activeConnectionsLimit = 2147483647
2018-12-02 00:38:18.556  INFO [shape-service,,,] 11100 --- [PollingServerListUpdater-0] c.netflix.config.ChainedDynamicProperty  : Flipping property: area-service.ribbon.ActiveConnectionsLimit to use NEXT property: niws.loadbalancer.availabilityFilteringRule.activeConnectionsLimit = 2147483647
2018-12-02 00:38:18.558  INFO [shape-service,33390775c75f7ab1,3d5713ba7aef8a1e,true] 11100 --- [http-nio-8200-exec-1] c.n.u.concurrent.ShutdownEnabledTimer    : Shutdown hook installed for: NFLoadBalancer-PingTimer-perimeter-service
2018-12-02 00:38:18.571  INFO [shape-service,33390775c75f7ab1,3d5713ba7aef8a1e,true] 11100 --- [http-nio-8200-exec-1] c.netflix.loadbalancer.BaseLoadBalancer  : Client: perimeter-service instantiated a LoadBalancer: DynamicServerListLoadBalancer:{NFLoadBalancer:name=perimeter-service,current list of Servers=[],Load balancer stats=Zone stats: {},Server stats: []}ServerList:null
2018-12-02 00:38:18.585  INFO [shape-service,33390775c75f7ab1,3d5713ba7aef8a1e,true] 11100 --- [http-nio-8200-exec-1] c.n.l.DynamicServerListLoadBalancer      : Using serverListUpdater PollingServerListUpdater
2018-12-02 00:38:18.588  INFO [shape-service,33390775c75f7ab1,3d5713ba7aef8a1e,true] 11100 --- [http-nio-8200-exec-1] c.netflix.config.ChainedDynamicProperty  : Flipping property: perimeter-service.ribbon.ActiveConnectionsLimit to use NEXT property: niws.loadbalancer.availabilityFilteringRule.activeConnectionsLimit = 2147483647
2018-12-02 00:38:18.589  INFO [shape-service,33390775c75f7ab1,3d5713ba7aef8a1e,true] 11100 --- [http-nio-8200-exec-1] c.n.l.DynamicServerListLoadBalancer      : DynamicServerListLoadBalancer for client perimeter-service initialized: DynamicServerListLoadBalancer:{NFLoadBalancer:name=perimeter-service,current list of Servers=[9.85.81.242:8101, 9.85.81.242:8100],Load balancer stats=Zone stats: {defaultzone=[Zone:defaultzone;	Instance count:2;	Active connections count: 0;	Circuit breaker tripped count: 0;	Active connections per server: 0.0;]
},Server stats: [[Server:9.85.81.242:8101;	Zone:defaultZone;	Total Requests:0;	Successive connection failure:0;	Total blackout seconds:0;	Last connection made:Thu Jan 01 05:30:00 IST 1970;	First connection made: Thu Jan 01 05:30:00 IST 1970;	Active Connections:0;	total failure count in last (1000) msecs:0;	average resp time:0.0;	90 percentile resp time:0.0;	95 percentile resp time:0.0;	min resp time:0.0;	max resp time:0.0;	stddev resp time:0.0]
, [Server:9.85.81.242:8100;	Zone:defaultZone;	Total Requests:0;	Successive connection failure:0;	Total blackout seconds:0;	Last connection made:Thu Jan 01 05:30:00 IST 1970;	First connection made: Thu Jan 01 05:30:00 IST 1970;	Active Connections:0;	total failure count in last (1000) msecs:0;	average resp time:0.0;	90 percentile resp time:0.0;	95 percentile resp time:0.0;	min resp time:0.0;	max resp time:0.0;	stddev resp time:0.0]
]}ServerList:org.springframework.cloud.netflix.ribbon.eureka.DomainExtractingServerList@44f0ea66
2018-12-02 00:38:19.700  INFO [shape-service,33390775c75f7ab1,3d5713ba7aef8a1e,true] 11100 --- [http-nio-8200-exec-1] c.e.m.s.c.ShapeServiceController         : ShapeServiceController.getShapeDetailsFeign---> {}
2018-12-02 00:38:19.852  INFO [shape-service,492d7f4cf0c6ebec,ae2f3434091286b2,true] 11100 --- [http-nio-8200-exec-2] c.e.m.s.c.ShapeServiceController         : ShapeServiceController.getShapeDetailsFeign---> {}
2018-12-02 00:38:19.718  INFO [shape-service,,,] 11100 --- [PollingServerListUpdater-0] c.netflix.config.ChainedDynamicProperty  : Flipping property: perimeter-service.ribbon.ActiveConnectionsLimit to use NEXT property: niws.loadbalancer.availabilityFilteringRule.activeConnectionsLimit = 2147483647
2018-12-02 00:38:22.220  INFO [shape-service,8a3fb1363bf2dda3,3e6b0aa9d607c3f7,true] 11100 --- [http-nio-8200-exec-3] c.e.m.s.c.ShapeServiceController         : ShapeServiceController.getShapeDetailsFeign---> {}
2018-12-02 00:42:33.819  INFO [shape-service,,,] 11100 --- [AsyncResolver-bootstrap-executor-0] c.n.d.s.r.aws.ConfigClusterResolver      : Resolving eureka endpoints via configuration
2018-12-02 00:47:33.822  INFO [shape-service,,,] 11100 --- [AsyncResolver-bootstrap-executor-0] c.n.d.s.r.aws.ConfigClusterResolver      : Resolving eureka endpoints via configuration
2018-12-02 00:49:04.847  INFO [shape-service,2e49a8086c4e24cb,5ddb2d1fd224c745,true] 11100 --- [http-nio-8200-exec-6] c.e.m.s.c.ShapeServiceController         : ShapeServiceController.getShapeDetailsFeign---> {}
2018-12-02 00:52:33.826  INFO [shape-service,,,] 11100 --- [AsyncResolver-bootstrap-executor-0] c.n.d.s.r.aws.ConfigClusterResolver      : Resolving eureka endpoints via configuration
2018-12-02 00:57:33.832  INFO [shape-service,,,] 11100 --- [AsyncResolver-bootstrap-executor-0] c.n.d.s.r.aws.ConfigClusterResolver      : Resolving eureka endpoints via configuration
2018-12-02 00:59:53.489  INFO [shape-service,,,] 11100 --- [RMI TCP Connection(36)-127.0.0.1] inMXBeanRegistrar$SpringApplicationAdmin : Application shutdown requested.
2018-12-02 00:59:53.516  INFO [shape-service,,,] 11100 --- [RMI TCP Connection(36)-127.0.0.1] o.s.c.n.e.s.EurekaServiceRegistry        : Unregistering application shape-service with eureka with status DOWN
2018-12-02 00:59:53.516  WARN [shape-service,,,] 11100 --- [RMI TCP Connection(36)-127.0.0.1] com.netflix.discovery.DiscoveryClient    : Saw local status change event StatusChangeEvent [timestamp=1543692593516, current=DOWN, previous=UP]
2018-12-02 00:59:53.516  INFO [shape-service,,,] 11100 --- [DiscoveryClient-InstanceInfoReplicator-0] com.netflix.discovery.DiscoveryClient    : DiscoveryClient_SHAPE-SERVICE/9.85.81.242:shape-service:8200: registering service...
2018-12-02 00:59:53.625  INFO [shape-service,,,] 11100 --- [RMI TCP Connection(36)-127.0.0.1] o.s.i.endpoint.EventDrivenConsumer       : Removing {logging-channel-adapter:_org.springframework.integration.errorLogger} as a subscriber to the 'errorChannel' channel
2018-12-02 00:59:53.625  INFO [shape-service,,,] 11100 --- [RMI TCP Connection(36)-127.0.0.1] o.s.i.channel.PublishSubscribeChannel    : Channel 'application-1.errorChannel' has 0 subscriber(s).
2018-12-02 00:59:53.625  INFO [shape-service,,,] 11100 --- [RMI TCP Connection(36)-127.0.0.1] o.s.i.endpoint.EventDrivenConsumer       : stopped _org.springframework.integration.errorLogger
2018-12-02 00:59:53.641  INFO [shape-service,,,] 11100 --- [RMI TCP Connection(36)-127.0.0.1] o.s.s.c.ThreadPoolTaskScheduler          : Shutting down ExecutorService 'taskScheduler'
2018-12-02 00:59:53.657  INFO [shape-service,,,] 11100 --- [RMI TCP Connection(36)-127.0.0.1] o.s.s.concurrent.ThreadPoolTaskExecutor  : Shutting down ExecutorService 'applicationTaskExecutor'
2018-12-02 00:59:53.672  INFO [shape-service,,,] 11100 --- [RMI TCP Connection(36)-127.0.0.1] c.n.u.concurrent.ShutdownEnabledTimer    : Shutdown hook removed for: NFLoadBalancer-PingTimer-area-service
2018-12-02 00:59:53.703  INFO [shape-service,,,] 11100 --- [RMI TCP Connection(36)-127.0.0.1] c.n.u.concurrent.ShutdownEnabledTimer    : Shutdown hook removed for: NFLoadBalancer-PingTimer-perimeter-service
2018-12-02 00:59:53.844  INFO [shape-service,,,] 11100 --- [RMI TCP Connection(36)-127.0.0.1] o.s.i.monitor.IntegrationMBeanExporter   : Summary on shutdown: springCloudBusOutput
2018-12-02 00:59:53.844  INFO [shape-service,,,] 11100 --- [RMI TCP Connection(36)-127.0.0.1] o.s.i.monitor.IntegrationMBeanExporter   : Summary on shutdown: errorChannel
2018-12-02 00:59:53.844  INFO [shape-service,,,] 11100 --- [RMI TCP Connection(36)-127.0.0.1] o.s.i.monitor.IntegrationMBeanExporter   : Summary on shutdown: springCloudBusInput
2018-12-02 00:59:53.844  INFO [shape-service,,,] 11100 --- [RMI TCP Connection(36)-127.0.0.1] o.s.i.monitor.IntegrationMBeanExporter   : Summary on shutdown: nullChannel
2018-12-02 00:59:53.844  INFO [shape-service,,,] 11100 --- [RMI TCP Connection(36)-127.0.0.1] o.s.i.monitor.IntegrationMBeanExporter   : Summary on shutdown: _org.springframework.integration.errorLogger.handler
2018-12-02 00:59:53.844  INFO [shape-service,,,] 11100 --- [RMI TCP Connection(36)-127.0.0.1] com.netflix.discovery.DiscoveryClient    : Shutting down DiscoveryClient ...
2018-12-02 00:59:53.860  WARN [shape-service,,,] 11100 --- [RMI TCP Connection(36)-127.0.0.1] .s.c.a.CommonAnnotationBeanPostProcessor : Destroy method on bean with name 'scopedTarget.eurekaClient' threw an exception: org.springframework.beans.factory.BeanCreationNotAllowedException: Error creating bean with name 'eurekaInstanceConfigBean': Singleton bean creation not allowed while singletons of this factory are in destruction (Do not request a bean from a BeanFactory in a destroy method implementation!)
2018-12-02 00:59:54.157  INFO [shape-service,,,] 11100 --- [RMI TCP Connection(36)-127.0.0.1] o.apache.catalina.core.StandardService   : Stopping service [Tomcat]
2018-12-02 00:59:54.157  INFO [shape-service,,,] 11100 --- [RMI TCP Connection(36)-127.0.0.1] o.a.c.c.C.[Tomcat].[localhost].[/]       : Destroying Spring FrameworkServlet 'dispatcherServlet'
2018-12-02 00:59:54.188  WARN [shape-service,,,] 11100 --- [RMI TCP Connection(36)-127.0.0.1] o.a.c.loader.WebappClassLoaderBase       : The web application [ROOT] appears to have started a thread named [Eureka-JerseyClient-Conn-Cleaner2] but has failed to stop it. This is very likely to create a memory leak. Stack trace of thread:
 sun.misc.Unsafe.park(Native Method)
 java.util.concurrent.locks.LockSupport.parkNanos(Unknown Source)
 java.util.concurrent.locks.AbstractQueuedSynchronizer$ConditionObject.awaitNanos(Unknown Source)
 java.util.concurrent.ScheduledThreadPoolExecutor$DelayedWorkQueue.take(Unknown Source)
 java.util.concurrent.ScheduledThreadPoolExecutor$DelayedWorkQueue.take(Unknown Source)
 java.util.concurrent.ThreadPoolExecutor.getTask(Unknown Source)
 java.util.concurrent.ThreadPoolExecutor.runWorker(Unknown Source)
 java.util.concurrent.ThreadPoolExecutor$Worker.run(Unknown Source)
 java.lang.Thread.run(Unknown Source)
2018-12-02 00:59:54.188  WARN [shape-service,,,] 11100 --- [RMI TCP Connection(36)-127.0.0.1] o.a.c.loader.WebappClassLoaderBase       : The web application [ROOT] appears to have started a thread named [AsyncResolver-bootstrap-0] but has failed to stop it. This is very likely to create a memory leak. Stack trace of thread:
 sun.misc.Unsafe.park(Native Method)
 java.util.concurrent.locks.LockSupport.parkNanos(Unknown Source)
 java.util.concurrent.locks.AbstractQueuedSynchronizer$ConditionObject.awaitNanos(Unknown Source)
 java.util.concurrent.ScheduledThreadPoolExecutor$DelayedWorkQueue.take(Unknown Source)
 java.util.concurrent.ScheduledThreadPoolExecutor$DelayedWorkQueue.take(Unknown Source)
 java.util.concurrent.ThreadPoolExecutor.getTask(Unknown Source)
 java.util.concurrent.ThreadPoolExecutor.runWorker(Unknown Source)
 java.util.concurrent.ThreadPoolExecutor$Worker.run(Unknown Source)
 java.lang.Thread.run(Unknown Source)
2018-12-02 00:59:54.188  WARN [shape-service,,,] 11100 --- [RMI TCP Connection(36)-127.0.0.1] o.a.c.loader.WebappClassLoaderBase       : The web application [ROOT] appears to have started a thread named [DiscoveryClient-0] but has failed to stop it. This is very likely to create a memory leak. Stack trace of thread:
 sun.misc.Unsafe.park(Native Method)
 java.util.concurrent.locks.LockSupport.parkNanos(Unknown Source)
 java.util.concurrent.locks.AbstractQueuedSynchronizer$ConditionObject.awaitNanos(Unknown Source)
 java.util.concurrent.ScheduledThreadPoolExecutor$DelayedWorkQueue.take(Unknown Source)
 java.util.concurrent.ScheduledThreadPoolExecutor$DelayedWorkQueue.take(Unknown Source)
 java.util.concurrent.ThreadPoolExecutor.getTask(Unknown Source)
 java.util.concurrent.ThreadPoolExecutor.runWorker(Unknown Source)
 java.util.concurrent.ThreadPoolExecutor$Worker.run(Unknown Source)
 java.lang.Thread.run(Unknown Source)
2018-12-02 00:59:54.188  WARN [shape-service,,,] 11100 --- [RMI TCP Connection(36)-127.0.0.1] o.a.c.loader.WebappClassLoaderBase       : The web application [ROOT] appears to have started a thread named [DiscoveryClient-1] but has failed to stop it. This is very likely to create a memory leak. Stack trace of thread:
 sun.misc.Unsafe.park(Native Method)
 java.util.concurrent.locks.LockSupport.park(Unknown Source)
 java.util.concurrent.locks.AbstractQueuedSynchronizer$ConditionObject.await(Unknown Source)
 java.util.concurrent.ScheduledThreadPoolExecutor$DelayedWorkQueue.take(Unknown Source)
 java.util.concurrent.ScheduledThreadPoolExecutor$DelayedWorkQueue.take(Unknown Source)
 java.util.concurrent.ThreadPoolExecutor.getTask(Unknown Source)
 java.util.concurrent.ThreadPoolExecutor.runWorker(Unknown Source)
 java.util.concurrent.ThreadPoolExecutor$Worker.run(Unknown Source)
 java.lang.Thread.run(Unknown Source)
2018-12-02 00:59:54.188  WARN [shape-service,,,] 11100 --- [RMI TCP Connection(36)-127.0.0.1] o.a.c.loader.WebappClassLoaderBase       : The web application [ROOT] appears to have started a thread named [DiscoveryClient-InstanceInfoReplicator-0] but has failed to stop it. This is very likely to create a memory leak. Stack trace of thread:
 java.net.DualStackPlainSocketImpl.waitForConnect(Native Method)
 java.net.DualStackPlainSocketImpl.socketConnect(Unknown Source)
 java.net.AbstractPlainSocketImpl.doConnect(Unknown Source)
 java.net.AbstractPlainSocketImpl.connectToAddress(Unknown Source)
 java.net.AbstractPlainSocketImpl.connect(Unknown Source)
 java.net.PlainSocketImpl.connect(Unknown Source)
 java.net.SocksSocketImpl.connect(Unknown Source)
 java.net.Socket.connect(Unknown Source)
 org.apache.http.conn.scheme.PlainSocketFactory.connectSocket(PlainSocketFactory.java:121)
 org.apache.http.impl.conn.DefaultClientConnectionOperator.openConnection(DefaultClientConnectionOperator.java:180)
 org.apache.http.impl.conn.AbstractPoolEntry.open(AbstractPoolEntry.java:144)
 org.apache.http.impl.conn.AbstractPooledConnAdapter.open(AbstractPooledConnAdapter.java:134)
 org.apache.http.impl.client.DefaultRequestDirector.tryConnect(DefaultRequestDirector.java:610)
 org.apache.http.impl.client.DefaultRequestDirector.execute(DefaultRequestDirector.java:445)
 org.apache.http.impl.client.AbstractHttpClient.doExecute(AbstractHttpClient.java:835)
 org.apache.http.impl.client.CloseableHttpClient.execute(CloseableHttpClient.java:118)
 org.apache.http.impl.client.CloseableHttpClient.execute(CloseableHttpClient.java:56)
 com.sun.jersey.client.apache4.ApacheHttpClient4Handler.handle(ApacheHttpClient4Handler.java:173)
 com.sun.jersey.api.client.filter.GZIPContentEncodingFilter.handle(GZIPContentEncodingFilter.java:123)
 com.netflix.discovery.EurekaIdentityHeaderFilter.handle(EurekaIdentityHeaderFilter.java:27)
 com.sun.jersey.api.client.Client.handle(Client.java:652)
 com.sun.jersey.api.client.WebResource.handle(WebResource.java:682)
 com.sun.jersey.api.client.WebResource.access$200(WebResource.java:74)
 com.sun.jersey.api.client.WebResource$Builder.post(WebResource.java:570)
 com.netflix.discovery.shared.transport.jersey.AbstractJerseyEurekaHttpClient.register(AbstractJerseyEurekaHttpClient.java:56)
 com.netflix.discovery.shared.transport.decorator.EurekaHttpClientDecorator$1.execute(EurekaHttpClientDecorator.java:59)
 com.netflix.discovery.shared.transport.decorator.MetricsCollectingEurekaHttpClient.execute(MetricsCollectingEurekaHttpClient.java:73)
 com.netflix.discovery.shared.transport.decorator.EurekaHttpClientDecorator.register(EurekaHttpClientDecorator.java:56)
 com.netflix.discovery.shared.transport.decorator.EurekaHttpClientDecorator$1.execute(EurekaHttpClientDecorator.java:59)
 com.netflix.discovery.shared.transport.decorator.RedirectingEurekaHttpClient.execute(RedirectingEurekaHttpClient.java:89)
 com.netflix.discovery.shared.transport.decorator.EurekaHttpClientDecorator.register(EurekaHttpClientDecorator.java:56)
 com.netflix.discovery.shared.transport.decorator.EurekaHttpClientDecorator$1.execute(EurekaHttpClientDecorator.java:59)
 com.netflix.discovery.shared.transport.decorator.RetryableEurekaHttpClient.execute(RetryableEurekaHttpClient.java:120)
 com.netflix.discovery.shared.transport.decorator.EurekaHttpClientDecorator.register(EurekaHttpClientDecorator.java:56)
 com.netflix.discovery.shared.transport.decorator.EurekaHttpClientDecorator$1.execute(EurekaHttpClientDecorator.java:59)
 com.netflix.discovery.shared.transport.decorator.SessionedEurekaHttpClient.execute(SessionedEurekaHttpClient.java:77)
 com.netflix.discovery.shared.transport.decorator.EurekaHttpClientDecorator.register(EurekaHttpClientDecorator.java:56)
 com.netflix.discovery.DiscoveryClient.register(DiscoveryClient.java:829)
 com.netflix.discovery.InstanceInfoReplicator.run(InstanceInfoReplicator.java:121)
 com.netflix.discovery.InstanceInfoReplicator$1.run(InstanceInfoReplicator.java:101)
 java.util.concurrent.Executors$RunnableAdapter.call(Unknown Source)
 java.util.concurrent.FutureTask.run(Unknown Source)
 java.util.concurrent.ScheduledThreadPoolExecutor$ScheduledFutureTask.access$201(Unknown Source)
 java.util.concurrent.ScheduledThreadPoolExecutor$ScheduledFutureTask.run(Unknown Source)
 java.util.concurrent.ThreadPoolExecutor.runWorker(Unknown Source)
 java.util.concurrent.ThreadPoolExecutor$Worker.run(Unknown Source)
 java.lang.Thread.run(Unknown Source)
2018-12-02 00:59:54.203  WARN [shape-service,,,] 11100 --- [RMI TCP Connection(36)-127.0.0.1] o.a.c.loader.WebappClassLoaderBase       : The web application [ROOT] appears to have started a thread named [DiscoveryClient-CacheRefreshExecutor-0] but has failed to stop it. This is very likely to create a memory leak. Stack trace of thread:
 sun.misc.Unsafe.park(Native Method)
 java.util.concurrent.locks.LockSupport.park(Unknown Source)
 java.util.concurrent.SynchronousQueue$TransferStack.awaitFulfill(Unknown Source)
 java.util.concurrent.SynchronousQueue$TransferStack.transfer(Unknown Source)
 java.util.concurrent.SynchronousQueue.take(Unknown Source)
 java.util.concurrent.ThreadPoolExecutor.getTask(Unknown Source)
 java.util.concurrent.ThreadPoolExecutor.runWorker(Unknown Source)
 java.util.concurrent.ThreadPoolExecutor$Worker.run(Unknown Source)
 java.lang.Thread.run(Unknown Source)
2018-12-02 00:59:54.203  WARN [shape-service,,,] 11100 --- [RMI TCP Connection(36)-127.0.0.1] o.a.c.loader.WebappClassLoaderBase       : The web application [ROOT] appears to have started a thread named [DiscoveryClient-HeartbeatExecutor-0] but has failed to stop it. This is very likely to create a memory leak. Stack trace of thread:
 sun.misc.Unsafe.park(Native Method)
 java.util.concurrent.locks.LockSupport.park(Unknown Source)
 java.util.concurrent.SynchronousQueue$TransferStack.awaitFulfill(Unknown Source)
 java.util.concurrent.SynchronousQueue$TransferStack.transfer(Unknown Source)
 java.util.concurrent.SynchronousQueue.take(Unknown Source)
 java.util.concurrent.ThreadPoolExecutor.getTask(Unknown Source)
 java.util.concurrent.ThreadPoolExecutor.runWorker(Unknown Source)
 java.util.concurrent.ThreadPoolExecutor$Worker.run(Unknown Source)
 java.lang.Thread.run(Unknown Source)
2018-12-02 00:59:54.203  WARN [shape-service,,,] 11100 --- [RMI TCP Connection(36)-127.0.0.1] o.a.c.loader.WebappClassLoaderBase       : The web application [ROOT] appears to have started a thread named [PollingServerListUpdater-0] but has failed to stop it. This is very likely to create a memory leak. Stack trace of thread:
 sun.misc.Unsafe.park(Native Method)
 java.util.concurrent.locks.LockSupport.park(Unknown Source)
 java.util.concurrent.locks.AbstractQueuedSynchronizer$ConditionObject.await(Unknown Source)
 java.util.concurrent.ScheduledThreadPoolExecutor$DelayedWorkQueue.take(Unknown Source)
 java.util.concurrent.ScheduledThreadPoolExecutor$DelayedWorkQueue.take(Unknown Source)
 java.util.concurrent.ThreadPoolExecutor.getTask(Unknown Source)
 java.util.concurrent.ThreadPoolExecutor.runWorker(Unknown Source)
 java.util.concurrent.ThreadPoolExecutor$Worker.run(Unknown Source)
 java.lang.Thread.run(Unknown Source)
2018-12-02 00:59:54.203  WARN [shape-service,,,] 11100 --- [RMI TCP Connection(36)-127.0.0.1] o.a.c.loader.WebappClassLoaderBase       : The web application [ROOT] appears to have started a thread named [DataPublisher] but has failed to stop it. This is very likely to create a memory leak. Stack trace of thread:
 sun.misc.Unsafe.park(Native Method)
 java.util.concurrent.locks.LockSupport.parkNanos(Unknown Source)
 java.util.concurrent.locks.AbstractQueuedSynchronizer$ConditionObject.awaitNanos(Unknown Source)
 java.util.concurrent.ScheduledThreadPoolExecutor$DelayedWorkQueue.take(Unknown Source)
 java.util.concurrent.ScheduledThreadPoolExecutor$DelayedWorkQueue.take(Unknown Source)
 java.util.concurrent.ThreadPoolExecutor.getTask(Unknown Source)
 java.util.concurrent.ThreadPoolExecutor.runWorker(Unknown Source)
 java.util.concurrent.ThreadPoolExecutor$Worker.run(Unknown Source)
 java.lang.Thread.run(Unknown Source)
2018-12-02 00:59:54.203  WARN [shape-service,,,] 11100 --- [RMI TCP Connection(36)-127.0.0.1] o.a.c.loader.WebappClassLoaderBase       : The web application [ROOT] appears to have started a thread named [PollingServerListUpdater-1] but has failed to stop it. This is very likely to create a memory leak. Stack trace of thread:
 sun.misc.Unsafe.park(Native Method)
 java.util.concurrent.locks.LockSupport.parkNanos(Unknown Source)
 java.util.concurrent.locks.AbstractQueuedSynchronizer$ConditionObject.awaitNanos(Unknown Source)
 java.util.concurrent.ScheduledThreadPoolExecutor$DelayedWorkQueue.take(Unknown Source)
 java.util.concurrent.ScheduledThreadPoolExecutor$DelayedWorkQueue.take(Unknown Source)
 java.util.concurrent.ThreadPoolExecutor.getTask(Unknown Source)
 java.util.concurrent.ThreadPoolExecutor.runWorker(Unknown Source)
 java.util.concurrent.ThreadPoolExecutor$Worker.run(Unknown Source)
 java.lang.Thread.run(Unknown Source)
2018-12-02 00:59:54.203  WARN [shape-service,,,] 11100 --- [RMI TCP Connection(36)-127.0.0.1] o.a.c.loader.WebappClassLoaderBase       : The web application [ROOT] appears to have started a thread named [AsyncResolver-bootstrap-executor-0] but has failed to stop it. This is very likely to create a memory leak. Stack trace of thread:
 sun.misc.Unsafe.park(Native Method)
 java.util.concurrent.locks.LockSupport.park(Unknown Source)
 java.util.concurrent.SynchronousQueue$TransferStack.awaitFulfill(Unknown Source)
 java.util.concurrent.SynchronousQueue$TransferStack.transfer(Unknown Source)
 java.util.concurrent.SynchronousQueue.take(Unknown Source)
 java.util.concurrent.ThreadPoolExecutor.getTask(Unknown Source)
 java.util.concurrent.ThreadPoolExecutor.runWorker(Unknown Source)
 java.util.concurrent.ThreadPoolExecutor$Worker.run(Unknown Source)
 java.lang.Thread.run(Unknown Source)
2018-12-02 00:59:54.235  INFO [shape-service,,,] 11100 --- [Thread-22] c.n.l.PollingServerListUpdater           : Shutting down the Executor Pool for PollingServerListUpdater
